#
# There is insufficient memory for the Java Runtime Environment to continue.
# Native memory allocation (mmap) failed to map 2797568 bytes for card table expansion
# Possible reasons:
#   The system is out of physical RAM or swap space
#   The process is running with CompressedOops enabled, and the Java Heap may be blocking the growth of the native heap
# Possible solutions:
#   Reduce memory load on the system
#   Increase physical memory or swap space
#   Check if swap backing store is full
#   Decrease Java heap size (-Xmx/-Xms)
#   Decrease number of Java threads
#   Decrease Java thread stack sizes (-Xss)
#   Set larger code cache with -XX:ReservedCodeCacheSize=
# This output file may be truncated or incomplete.
#
#  Out of Memory Error (os_windows.cpp:3377), pid=17880, tid=0x00000000000032e8
#
# JRE version:  (8.0_221-b11) (build )
# Java VM: Java HotSpot(TM) 64-Bit Server VM (25.221-b11 mixed mode windows-amd64 compressed oops)
# Failed to write core dump. Minidumps are not enabled by default on client versions of Windows
#

---------------  T H R E A D  ---------------

Current thread (0x0000000000cfe000):  JavaThread "Unknown thread" [_thread_in_vm, id=13032, stack(0x0000000002550000,0x0000000002650000)]

Stack: [0x0000000002550000,0x0000000002650000]
[error occurred during error reporting (printing stack bounds), id 0xc0000005]

Native frames: (J=compiled Java code, j=interpreted, Vv=VM code, C=native code)


---------------  P R O C E S S  ---------------

Java Threads: ( => current thread )

Other Threads:

=>0x0000000000cfe000 (exited) JavaThread "Unknown thread" [_thread_in_vm, id=13032, stack(0x0000000002550000,0x0000000002650000)]

VM state:not at safepoint (not fully initialized)

VM Mutex/Monitor currently owned by a thread: None

heap address: 0x0000000704800000, size: 3000 MB, Compressed Oops mode: Non-zero based:0x00000007047ff000, Oop shift amount: 3
Narrow klass base: 0x0000000000000000, Narrow klass shift: 0

GC Heap History (0 events):
No events

Deoptimization events (0 events):
No events

Classes redefined (0 events):
No events

Internal exceptions (0 events):
No events

Events (0 events):
No events


Dynamic libraries:
0x00007ff74b780000 - 0x00007ff74b7b7000 	C:\Program Files\Java\jre1.8.0_221\bin\javaw.exe
0x00007ff997640000 - 0x00007ff997830000 	C:\Windows\SYSTEM32\ntdll.dll
0x00007ff996390000 - 0x00007ff996442000 	C:\Windows\System32\KERNEL32.DLL
0x00007ff994910000 - 0x00007ff994bb3000 	C:\Windows\System32\KERNELBASE.dll
0x00007ff995bb0000 - 0x00007ff995c53000 	C:\Windows\System32\ADVAPI32.dll
0x00007ff995a50000 - 0x00007ff995aee000 	C:\Windows\System32\msvcrt.dll
0x00007ff995c70000 - 0x00007ff995d07000 	C:\Windows\System32\sechost.dll
0x00007ff995770000 - 0x00007ff995890000 	C:\Windows\System32\RPCRT4.dll
0x00007ff996760000 - 0x00007ff9968f3000 	C:\Windows\System32\USER32.dll
0x00007ff9956c0000 - 0x00007ff9956e1000 	C:\Windows\System32\win32u.dll
0x00007ff997220000 - 0x00007ff997246000 	C:\Windows\System32\GDI32.dll
0x00007ff994770000 - 0x00007ff994904000 	C:\Windows\System32\gdi32full.dll
0x00007ff994620000 - 0x00007ff9946be000 	C:\Windows\System32\msvcp_win.dll
0x00007ff994bc0000 - 0x00007ff994cba000 	C:\Windows\System32\ucrtbase.dll
0x00007ff97fbc0000 - 0x00007ff97fe45000 	C:\Windows\WinSxS\amd64_microsoft.windows.common-controls_6595b64144ccf1df_6.0.18362.295_none_e6c3acbd13101292\COMCTL32.dll
0x00007ff9972c0000 - 0x00007ff9975f6000 	C:\Windows\System32\combase.dll
0x00007ff994cc0000 - 0x00007ff994d40000 	C:\Windows\System32\bcryptPrimitives.dll
0x00007ff995970000 - 0x00007ff99599e000 	C:\Windows\System32\IMM32.DLL
0x00000000682f0000 - 0x00000000683c2000 	C:\Program Files\Java\jre1.8.0_221\bin\msvcr100.dll
0x00000000684b0000 - 0x0000000068d55000 	C:\Program Files\Java\jre1.8.0_221\bin\server\jvm.dll
0x00007ff995c60000 - 0x00007ff995c68000 	C:\Windows\System32\PSAPI.DLL
0x00007ff9809f0000 - 0x00007ff9809f9000 	C:\Windows\SYSTEM32\WSOCK32.dll
0x00007ff992070000 - 0x00007ff992094000 	C:\Windows\SYSTEM32\WINMM.dll
0x00007ff98cea0000 - 0x00007ff98ceaa000 	C:\Windows\SYSTEM32\VERSION.dll
0x00007ff997250000 - 0x00007ff9972bf000 	C:\Windows\System32\WS2_32.dll
0x00007ff992040000 - 0x00007ff99206d000 	C:\Windows\SYSTEM32\winmmbase.dll
0x00007ff9945d0000 - 0x00007ff99461a000 	C:\Windows\System32\cfgmgr32.dll
0x00007ff992560000 - 0x00007ff99256f000 	C:\Program Files\Java\jre1.8.0_221\bin\verify.dll
0x00007ff98a430000 - 0x00007ff98a459000 	C:\Program Files\Java\jre1.8.0_221\bin\java.dll
0x00007ff98c930000 - 0x00007ff98c946000 	C:\Program Files\Java\jre1.8.0_221\bin\zip.dll

VM Arguments:
jvm_args: -Xms2048m -Xmx3000m -Dfile.encoding=Cp1252 
java_command: main.MVC
java_class_path (initial): D:\Estructuras de datos\Taller 3\T3_201920\bin;D:\Programas\Eclipse\Eclipse Java\eclipse\plugins\org.junit_4.12.0.v201504281640\junit.jar;D:\Programas\Eclipse\Eclipse Java\eclipse\plugins\org.hamcrest.core_1.3.0.v20180420-1519.jar;D:\Estructuras de datos\Proyecto 1\Proyecto_1_201920_sec_02_team_Z\proyecto_1\lib\commons-lang3-3.9.jar;D:\Estructuras de datos\Proyecto 1\Proyecto_1_201920_sec_02_team_Z\proyecto_1\lib\commons-lang3-3.9-sources.jar;D:\Estructuras de datos\Proyecto 1\Proyecto_1_201920_sec_02_team_Z\proyecto_1\lib\commons-lang3-3.9-tests.jar;D:\Estructuras de datos\Proyecto 1\Proyecto_1_201920_sec_02_team_Z\proyecto_1\lib\commons-lang3-3.9-test-sources.jar;D:\Estructuras de datos\Proyecto 1\Proyecto_1_201920_sec_02_team_Z\proyecto_1\lib\opencsv-4.6.jar;D:\Estructuras de datos\Proyecto 1\Proyecto_1_201920_sec_02_team_Z\proyecto_1\lib\univocity-parsers-2.8.3.jar
Launcher Type: SUN_STANDARD

Environment Variables:
PATH=C:/Program Files/Java/jre1.8.0_221/bin/server;C:/Program Files/Java/jre1.8.0_221/bin;C:/Program Files/Java/jre1.8.0_221/lib/amd64;D:\Programas\gcc\bin;D:\Programas\gcc\libexec\gcc\x86_64-w64-mingw32\9.1.0;C:\Program Files (x86)\Common Files\Oracle\Java\javapath;C:\Windows\system32;C:\Windows;C:\Windows\System32\Wbem;C:\Windows\System32\WindowsPowerShell\v1.0\;C:\Windows\System32\OpenSSH\;C:\Program Files\Intel\WiFi\bin\;C:\Program Files\Common Files\Intel\WirelessCommon\;C:\Program Files\Git\cmd;D:\Programas\Cygwin\bin;C:\Users\Camilo García\AppData\Local\Microsoft\WindowsApps;;D:\Programas\Microsoft VS Code\bin;D:\Programas\Eclipse\Eclipse Java\eclipse;
USERNAME=Camilo García
OS=Windows_NT
PROCESSOR_IDENTIFIER=AMD64 Family 23 Model 17 Stepping 0, AuthenticAMD



---------------  S Y S T E M  ---------------

OS: Windows 10.0 , 64 bit Build 18362 (10.0.18362.86)

CPU:total 8 (initial active 8) (8 cores per cpu, 1 threads per core) family 23 model 17 stepping 0, cmov, cx8, fxsr, mmx, sse, sse2, sse3, ssse3, sse4.1, sse4.2, popcnt, avx, avx2, aes, clmul, mmxext, 3dnowpref, lzcnt, sse4a, tsc, tscinvbit, tscinv, bmi1

Memory: 4k page, physical 7284240k(3092552k free), swap 22830860k(7284k free)

vm_info: Java HotSpot(TM) 64-Bit Server VM (25.221-b11) for windows-amd64 JRE (1.8.0_221-b11), built on Jul  4 2019 04:39:29 by "java_re" with MS VC++ 10.0 (VS2010)

time: Sun Sep 08 13:03:47 2019
timezone: Hora est. Pacífico, Sudamérica
elapsed time: 0 seconds (0d 0h 0m 0s)

